# JRE version: OpenJDK Runtime Environment (8.0_202-b03) (build 1.8.0_202-release-1483-b03)
# Java VM: OpenJDK 64-Bit Server VM (25.202-b03 mixed mode windows-amd64 compressed oops)
Heap:
 PSYoungGen      total 270848K, used 239830K [0x00000000e0000000, 0x00000000f7b80000, 0x0000000100000000)
  eden space 216064K, 86% used [0x00000000e0000000,0x00000000eb7505f8,0x00000000ed300000)
  from space 54784K, 95% used [0x00000000ed300000,0x00000000f05e5270,0x00000000f0880000)
  to   space 62976K, 0% used [0x00000000f3e00000,0x00000000f3e00000,0x00000000f7b80000)
 ParOldGen       total 296960K, used 215923K [0x00000000a0000000, 0x00000000b2200000, 0x00000000e0000000)
  object space 296960K, 72% used [0x00000000a0000000,0x00000000ad2dcc60,0x00000000b2200000)
 Metaspace       used 97126K, capacity 101466K, committed 103640K, reserved 1138688K
  class space    used 12840K, capacity 13810K, committed 14336K, reserved 1048576K
GC Heap History (10 events):
Event: 51.385 GC heap before
{Heap before GC invocations=21 (full 3):
 PSYoungGen      total 221696K, used 221596K [0x00000000e0000000, 0x00000000f0680000, 0x0000000100000000)
  eden space 200704K, 100% used [0x00000000e0000000,0x00000000ec400000,0x00000000ec400000)
  from space 20992K, 99% used [0x00000000ec400000,0x00000000ed8672a8,0x00000000ed880000)
  to   space 24064K, 0% used [0x00000000eef00000,0x00000000eef00000,0x00000000f0680000)
 ParOldGen       total 146432K, used 53413K [0x00000000a0000000, 0x00000000a8f00000, 0x00000000e0000000)
  object space 146432K, 36% used [0x00000000a0000000,0x00000000a3429640,0x00000000a8f00000)
 Metaspace       used 88556K, capacity 93704K, committed 93912K, reserved 1130496K
  class space    used 12235K, capacity 13272K, committed 13312K, reserved 1048576K
Event: 51.443 GC heap after
Heap after GC invocations=21 (full 3):
 PSYoungGen      total 235520K, used 24037K [0x00000000e0000000, 0x00000000f2280000, 0x0000000100000000)
  eden space 211456K, 0% used [0x00000000e0000000,0x00000000e0000000,0x00000000ece80000)
  from space 24064K, 99% used [0x00000000eef00000,0x00000000f0679508,0x00000000f0680000)
  to   space 33280K, 0% used [0x00000000ece80000,0x00000000ece80000,0x00000000eef00000)
 ParOldGen       total 146432K, used 69486K [0x00000000a0000000, 0x00000000a8f00000, 0x00000000e0000000)
  object space 146432K, 47% used [0x00000000a0000000,0x00000000a43db830,0x00000000a8f00000)
 Metaspace       used 88556K, capacity 93704K, committed 93912K, reserved 1130496K
  class space    used 12235K, capacity 13272K, committed 13312K, reserved 1048576K
}
Event: 55.110 GC heap before
{Heap before GC invocations=22 (full 3):
 PSYoungGen      total 235520K, used 235037K [0x00000000e0000000, 0x00000000f2280000, 0x0000000100000000)
  eden space 211456K, 99% used [0x00000000e0000000,0x00000000ece0e220,0x00000000ece80000)
  from space 24064K, 99% used [0x00000000eef00000,0x00000000f0679508,0x00000000f0680000)
  to   space 33280K, 0% used [0x00000000ece80000,0x00000000ece80000,0x00000000eef00000)
 ParOldGen       total 146432K, used 69486K [0x00000000a0000000, 0x00000000a8f00000, 0x00000000e0000000)
  object space 146432K, 47% used [0x00000000a0000000,0x00000000a43db830,0x00000000a8f00000)
 Metaspace       used 89704K, capacity 94954K, committed 95064K, reserved 1130496K
  class space    used 12370K, capacity 13393K, committed 13440K, reserved 1048576K
Event: 55.128 GC heap after
Heap after GC invocations=22 (full 3):
 PSYoungGen      total 244736K, used 14354K [0x00000000e0000000, 0x00000000f2700000, 0x0000000100000000)
  eden space 211456K, 0% used [0x00000000e0000000,0x00000000e0000000,0x00000000ece80000)
  from space 33280K, 43% used [0x00000000ece80000,0x00000000edc848f8,0x00000000eef00000)
  to   space 31232K, 0% used [0x00000000f0880000,0x00000000f0880000,0x00000000f2700000)
 ParOldGen       total 146432K, used 75622K [0x00000000a0000000, 0x00000000a8f00000, 0x00000000e0000000)
  object space 146432K, 51% used [0x00000000a0000000,0x00000000a49d9808,0x00000000a8f00000)
 Metaspace       used 89704K, capacity 94954K, committed 95064K, reserved 1130496K
  class space    used 12370K, capacity 13393K, committed 13440K, reserved 1048576K
}
Event: 55.590 GC heap before
{Heap before GC invocations=23 (full 3):
 PSYoungGen      total 244736K, used 221800K [0x00000000e0000000, 0x00000000f2700000, 0x0000000100000000)
  eden space 211456K, 98% used [0x00000000e0000000,0x00000000eca957e8,0x00000000ece80000)
  from space 33280K, 43% used [0x00000000ece80000,0x00000000edc848f8,0x00000000eef00000)
  to   space 31232K, 0% used [0x00000000f0880000,0x00000000f0880000,0x00000000f2700000)
 ParOldGen       total 146432K, used 85862K [0x00000000a0000000, 0x00000000a8f00000, 0x00000000e0000000)
  object space 146432K, 58% used [0x00000000a0000000,0x00000000a53d9818,0x00000000a8f00000)
 Metaspace       used 89778K, capacity 94988K, committed 95064K, reserved 1130496K
  class space    used 12379K, capacity 13402K, committed 13440K, reserved 1048576K
Event: 55.632 GC heap after
Heap after GC invocations=23 (full 3):
 PSYoungGen      total 247296K, used 31216K [0x00000000e0000000, 0x00000000f6580000, 0x0000000100000000)
  eden space 216064K, 0% used [0x00000000e0000000,0x00000000e0000000,0x00000000ed300000)
  from space 31232K, 99% used [0x00000000f0880000,0x00000000f26fc310,0x00000000f2700000)
  to   space 54784K, 0% used [0x00000000ed300000,0x00000000ed300000,0x00000000f0880000)
 ParOldGen       total 146432K, used 136165K [0x00000000a0000000, 0x00000000a8f00000, 0x00000000e0000000)
  object space 146432K, 92% used [0x00000000a0000000,0x00000000a84f95e0,0x00000000a8f00000)
 Metaspace       used 89778K, capacity 94988K, committed 95064K, reserved 1130496K
  class space    used 12379K, capacity 13402K, committed 13440K, reserved 1048576K
}
Event: 55.632 GC heap before
{Heap before GC invocations=24 (full 4):
 PSYoungGen      total 247296K, used 31216K [0x00000000e0000000, 0x00000000f6580000, 0x0000000100000000)
  eden space 216064K, 0% used [0x00000000e0000000,0x00000000e0000000,0x00000000ed300000)
  from space 31232K, 99% used [0x00000000f0880000,0x00000000f26fc310,0x00000000f2700000)
  to   space 54784K, 0% used [0x00000000ed300000,0x00000000ed300000,0x00000000f0880000)
 ParOldGen       total 146432K, used 136165K [0x00000000a0000000, 0x00000000a8f00000, 0x00000000e0000000)
  object space 146432K, 92% used [0x00000000a0000000,0x00000000a84f95e0,0x00000000a8f00000)
 Metaspace       used 89778K, capacity 94988K, committed 95064K, reserved 1130496K
  class space    used 12379K, capacity 13402K, committed 13440K, reserved 1048576K
Event: 55.833 GC heap after
Heap after GC invocations=24 (full 4):
 PSYoungGen      total 247296K, used 0K [0x00000000e0000000, 0x00000000f6580000, 0x0000000100000000)
  eden space 216064K, 0% used [0x00000000e0000000,0x00000000e0000000,0x00000000ed300000)
  from space 31232K, 0% used [0x00000000f0880000,0x00000000f0880000,0x00000000f2700000)
  to   space 54784K, 0% used [0x00000000ed300000,0x00000000ed300000,0x00000000f0880000)
 ParOldGen       total 296960K, used 138616K [0x00000000a0000000, 0x00000000b2200000, 0x00000000e0000000)
  object space 296960K, 46% used [0x00000000a0000000,0x00000000a875e1a8,0x00000000b2200000)
 Metaspace       used 88828K, capacity 92552K, committed 95064K, reserved 1130496K
  class space    used 12059K, capacity 12842K, committed 13440K, reserved 1048576K
}
Event: 58.376 GC heap before
{Heap before GC invocations=25 (full 4):
 PSYoungGen      total 247296K, used 216064K [0x00000000e0000000, 0x00000000f6580000, 0x0000000100000000)
  eden space 216064K, 100% used [0x00000000e0000000,0x00000000ed300000,0x00000000ed300000)
  from space 31232K, 0% used [0x00000000f0880000,0x00000000f0880000,0x00000000f2700000)
  to   space 54784K, 0% used [0x00000000ed300000,0x00000000ed300000,0x00000000f0880000)
 ParOldGen       total 296960K, used 199531K [0x00000000a0000000, 0x00000000b2200000, 0x00000000e0000000)
  object space 296960K, 67% used [0x00000000a0000000,0x00000000ac2dac50,0x00000000b2200000)
 Metaspace       used 88845K, capacity 92572K, committed 95064K, reserved 1130496K
  class space    used 12066K, capacity 12844K, committed 13440K, reserved 1048576K
Event: 58.399 GC heap after
Heap after GC invocations=25 (full 4):
 PSYoungGen      total 270848K, used 52116K [0x00000000e0000000, 0x00000000f7b80000, 0x0000000100000000)
  eden space 216064K, 0% used [0x00000000e0000000,0x00000000e0000000,0x00000000ed300000)
  from space 54784K, 95% used [0x00000000ed300000,0x00000000f05e5270,0x00000000f0880000)
  to   space 62976K, 0% used [0x00000000f3e00000,0x00000000f3e00000,0x00000000f7b80000)
 ParOldGen       total 296960K, used 215923K [0x00000000a0000000, 0x00000000b2200000, 0x00000000e0000000)
  object space 296960K, 72% used [0x00000000a0000000,0x00000000ad2dcc60,0x00000000b2200000)
 Metaspace       used 88845K, capacity 92572K, committed 95064K, reserved 1130496K
  class space    used 12066K, capacity 12844K, committed 13440K, reserved 1048576K
}

